Removed Pin From Net: NetName=NetLED2_A Pin=LED2-22
Change Component Comment : Designator=LED2 Old Comment=GH_JTLPS1.14-MFN8-25-1-150-R33 New Comment=GD JTLPS1.14-MFN8-25-1-150-R33
Change Component Comment : Designator=LED3 Old Comment=GH_JTLPS1.14-MFN8-25-1-150-R33 New Comment=GD JTLPS1.14-MFN8-25-1-150-R33
Added Component: Designator=D4(POWERDI-123)
Add component (AddParameter): Name = "Capacitance @ Vr, F"; Value = "23pF @ 5V, 1MHz"; VariantName = "[No Variations]"
Add component (AddParameter): Name = "Category"; Value = "Discrete Semiconductor Products"; VariantName = "[No Variations]"
Add component (AddParameter): Name = "ComponentLink1Description"; Value = "http://www.diodes.com/datasheets/ds30628.pdf"; VariantName = "[No Variations]"
Add component (AddParameter): Name = "ComponentLink1URL"; Value = "http://www.diodes.com/datasheets/ds30628.pdf"; VariantName = "[No Variations]"
Add component (AddParameter): Name = "Current - Average Rectified (Io)"; Value = "1A"; VariantName = "[No Variations]"
Add component (AddParameter): Name = "Current - Reverse Leakage @ Vr"; Value = "2µA @ 200V"; VariantName = "[No Variations]"
Add component (AddParameter): Name = "Diode Type"; Value = "Schottky"; VariantName = "[No Variations]"
Add component (AddParameter): Name = "Manufacturer"; Value = "Diodes Inc"; VariantName = "[No Variations]"
Add component (AddParameter): Name = "Manufacturer Part Number"; Value = "DFLS1200-7"; VariantName = "[No Variations]"
Add component (AddParameter): Name = "Mounting Type"; Value = "Surface Mount"; VariantName = "[No Variations]"
Add component (AddParameter): Name = "OPI_VID"; Value = "101018"; VariantName = "[No Variations]"
Add component (AddParameter): Name = "Package / Case"; Value = "2-SMD, Flat Lead"; VariantName = "[No Variations]"
Add component (AddParameter): Name = "Packaging"; Value = "Tape & Reel (TR)"; VariantName = "[No Variations]"
Add component (AddParameter): Name = "Pricing 1"; Value = "3000=0.22411, 6000=0.21017, 12000=0.19516, 27000=0.18444, 51000=0.18122 (CAD)"; VariantName = "[No Variations]"
Add component (AddParameter): Name = "Reverse Recovery Time (trr)"; Value = "-"; VariantName = "[No Variations]"
Add component (AddParameter): Name = "RoHS"; Value = "RoHS Compliant"; VariantName = "[No Variations]"
Add component (AddParameter): Name = "Speed"; Value = "Fast Recovery =< 500ns, > 200mA (Io)"; VariantName = "[No Variations]"
Add component (AddParameter): Name = "Stock 1"; Value = "21000"; VariantName = "[No Variations]"
Add component (AddParameter): Name = "Supplier 1"; Value = "Digi-Key"; VariantName = "[No Variations]"
Add component (AddParameter): Name = "Supplier Device Package"; Value = "PowerDI™ 123"; VariantName = "[No Variations]"
Add component (AddParameter): Name = "Supplier Part Number 1"; Value = "DFLS1200DITR-ND"; VariantName = "[No Variations]"
Add component (AddParameter): Name = "Voltage - DC Reverse (Vr) (Max)"; Value = "200V"; VariantName = "[No Variations]"
Add component (AddParameter): Name = "Voltage - Forward (Vf) (Max) @ If"; Value = "850mV @ 1A"; VariantName = "[No Variations]"
Added Component: Designator=D5(RC0603)
Add component (AddParameter): Name = "Category 1"; Value = "Circuit Protection"; VariantName = "[No Variations]"
Add component (AddParameter): Name = "ComponentLink1Description"; Value = "http://www.littelfuse.com/data/en/Data_Sheets/Littelfuse_PulseGuard-ESD_PGB1.pdf"; VariantName = "[No Variations]"
Add component (AddParameter): Name = "ComponentLink1URL"; Value = "http://www.littelfuse.com/data/en/Data_Sheets/Littelfuse_PulseGuard-ESD_PGB1.pdf"; VariantName = "[No Variations]"
Add component (AddParameter): Name = "Description 1"; Value = "SUPPRESSOR ESD 24VDC 0603 SMD"; VariantName = "[No Variations]"
Add component (AddParameter): Name = "Manufacturer"; Value = "Littelfuse Inc"; VariantName = "[No Variations]"
Add component (AddParameter): Name = "Manufacturer Part Number"; Value = "PGB1010603NR"; VariantName = "[No Variations]"
Add component (AddParameter): Name = "Mounting Type"; Value = "Surface Mount"; VariantName = "[No Variations]"
Add component (AddParameter): Name = "OPI_VID"; Value = "101020"; VariantName = "[No Variations]"
Add component (AddParameter): Name = "Package / Case"; Value = "0603 (1608 Metric)"; VariantName = "[No Variations]"
Add component (AddParameter): Name = "Packaging"; Value = "Tape & Reel (TR)"; VariantName = "[No Variations]"
Add component (AddParameter): Name = "Polarization"; Value = "Bidirectional"; VariantName = "[No Variations]"
Add component (AddParameter): Name = "Power (Watts)"; Value = "-"; VariantName = "[No Variations]"
Add component (AddParameter): Name = "Pricing 1"; Value = "5000=0.189, 10000=0.176, 25000=0.166 (USD)"; VariantName = "[No Variations]"
Add component (AddParameter): Name = "RoHS 1"; Value = "RoHS Compliant"; VariantName = "[No Variations]"
Add component (AddParameter): Name = "Stock 1"; Value = "10000"; VariantName = "[No Variations]"
Add component (AddParameter): Name = "Supplier 1"; Value = "Digi-Key"; VariantName = "[No Variations]"
Add component (AddParameter): Name = "Supplier Device Package"; Value = "0603 (1608 Metric)"; VariantName = "[No Variations]"
Add component (AddParameter): Name = "Supplier Part Number 1"; Value = "F3591TR-ND"; VariantName = "[No Variations]"
Add component (AddParameter): Name = "Voltage - Breakdown"; Value = "-"; VariantName = "[No Variations]"
Add component (AddParameter): Name = "Voltage - Reverse Standoff (Typ)"; Value = "24V"; VariantName = "[No Variations]"
Added Component: Designator=D6(SOD-523)
Add component (AddParameter): Name = "Category"; Value = "Circuit Protection"; VariantName = "[No Variations]"
Add component (AddParameter): Name = "ComponentLink1Description"; Value = "http://www.onsemi.com/pub_link/Collateral/ESD5B5.0ST1G.PDF"; VariantName = "[No Variations]"
Add component (AddParameter): Name = "ComponentLink1URL"; Value = "http://www.onsemi.com/pub_link/Collateral/ESD5B5.0ST1G.PDF"; VariantName = "[No Variations]"
Add component (AddParameter): Name = "Manufacturer"; Value = "ON Semiconductor"; VariantName = "[No Variations]"
Add component (AddParameter): Name = "Manufacturer Part Number"; Value = "ESD5B5.0ST1G"; VariantName = "[No Variations]"
Add component (AddParameter): Name = "Mounting Type"; Value = "Surface Mount"; VariantName = "[No Variations]"
Add component (AddParameter): Name = "OPI_VID"; Value = "101019"; VariantName = "[No Variations]"
Add component (AddParameter): Name = "Package / Case"; Value = "SC-79, SOD-523"; VariantName = "[No Variations]"
Add component (AddParameter): Name = "Packaging"; Value = "Tape & Reel (TR)"; VariantName = "[No Variations]"
Add component (AddParameter): Name = "Polarization"; Value = "Bidirectional"; VariantName = "[No Variations]"
Add component (AddParameter): Name = "Power (Watts)"; Value = "50W"; VariantName = "[No Variations]"
Add component (AddParameter): Name = "Pricing 1"; Value = "3000=0.06935, 6000=0.06253, 12000=0.05571, 24000=0.0523, 48000=0.04661, 96000=0.04548 (CAD)"; VariantName = "[No Variations]"
Add component (AddParameter): Name = "RoHS"; Value = "RoHS Compliant"; VariantName = "[No Variations]"
Add component (AddParameter): Name = "Stock 1"; Value = "240000"; VariantName = "[No Variations]"
Add component (AddParameter): Name = "Supplier 1"; Value = "Digi-Key"; VariantName = "[No Variations]"
Add component (AddParameter): Name = "Supplier Device Package"; Value = "SOD-523"; VariantName = "[No Variations]"
Add component (AddParameter): Name = "Supplier Part Number 1"; Value = "ESD5B5.0ST1GOSTR-ND"; VariantName = "[No Variations]"
Add component (AddParameter): Name = "Voltage - Breakdown"; Value = "5.8V"; VariantName = "[No Variations]"
Add component (AddParameter): Name = "Voltage - Reverse Standoff (Typ)"; Value = "5V"; VariantName = "[No Variations]"
Added Component: Designator=D15(SOD323F)
Add component (AddParameter): Name = "Category"; Value = "Discrete Semiconductor Products"; VariantName = "[No Variations]"
Add component (AddParameter): Name = "ComponentLink1Description"; Value = "http://www.diodes.com/datasheets/ds31987.pdf"; VariantName = "[No Variations]"
Add component (AddParameter): Name = "ComponentLink1URL"; Value = "http://www.diodes.com/datasheets/ds31987.pdf"; VariantName = "[No Variations]"
Add component (AddParameter): Name = "Current - Reverse Leakage @ Vr"; Value = "7.5µA @ 2V"; VariantName = "[No Variations]"
Add component (AddParameter): Name = "Impedance (Max) (Zzt)"; Value = "80 Ohm"; VariantName = "[No Variations]"
Add component (AddParameter): Name = "Manufacturer"; Value = "Diodes Inc"; VariantName = "[No Variations]"
Add component (AddParameter): Name = "Manufacturer Part Number"; Value = "DDZ5V6ASF-7"; VariantName = "[No Variations]"
Add component (AddParameter): Name = "Mounting Type"; Value = "Surface Mount"; VariantName = "[No Variations]"
Add component (AddParameter): Name = "Operating Temperature"; Value = "-65°C ~ 150°C"; VariantName = "[No Variations]"
Add component (AddParameter): Name = "OPI_VID"; Value = "101383"; VariantName = "[No Variations]"
Add component (AddParameter): Name = "Package / Case"; Value = "SC-90, SOD-323F"; VariantName = "[No Variations]"
Add component (AddParameter): Name = "Packaging"; Value = "Tape & Reel (TR)"; VariantName = "[No Variations]"
Add component (AddParameter): Name = "Power - Max"; Value = "500mW"; VariantName = "[No Variations]"
Add component (AddParameter): Name = "Pricing 1"; Value = "3000=0.02937, 6000=0.02649, 15000=0.02304, 30000=0.02073, 75000=0.01843, 150000=0.01532 (CAD)"; VariantName = "[No Variations]"
Add component (AddParameter): Name = "RoHS"; Value = "RoHS Compliant"; VariantName = "[No Variations]"
Add component (AddParameter): Name = "Stock 1"; Value = "6000"; VariantName = "[No Variations]"
Add component (AddParameter): Name = "Supplier 1"; Value = "Digi-Key"; VariantName = "[No Variations]"
Add component (AddParameter): Name = "Supplier Device Package"; Value = "SOD-323F"; VariantName = "[No Variations]"
Add component (AddParameter): Name = "Supplier Part Number 1"; Value = "DDZ5V6ASF-7DITR-ND"; VariantName = "[No Variations]"
Add component (AddParameter): Name = "Tolerance"; Value = "±2%"; VariantName = "[No Variations]"
Add component (AddParameter): Name = "Voltage - Forward (Vf) (Max) @ If"; Value = "900mV @ 10mA"; VariantName = "[No Variations]"
Add component (AddParameter): Name = "Voltage - Zener (Nom) (Vz)"; Value = "5.42V"; VariantName = "[No Variations]"
Added Pin To Net: NetName=NetD4_1 Pin=D4-1
Added Pin To Net: NetName=VIN_SOLAR Pin=D4-2
Added Pin To Net: NetName=GND Pin=D5-1
Added Pin To Net: NetName=VIN_SOLAR Pin=D5-2
Added Pin To Net: NetName=VIN_SOLAR Pin=D6-1
Added Pin To Net: NetName=GND Pin=D6-2
Added Pin To Net: NetName=VIN_SOLAR Pin=D15-1
Added Pin To Net: NetName=GND Pin=D15-2
Added Member To Class: ClassName=CableNodeRevG Member=Component D4 DFLS1200-7
Added Member To Class: ClassName=CableNodeRevG Member=Component D5 PGB1010603NR
Added Member To Class: ClassName=CableNodeRevG Member=Component D6 ESD5B5.0ST1G
Added Member To Class: ClassName=CableNodeRevG Member=Component D15 DDZ5V6ASF-7
