Change Component Footprint: Designator=LED1 Old Footprint=LED-OVS5MXBCR4 New Footprint=GHJTLPS124K5L211150R33
Change Component Footprint: Designator=LED2 Old Footprint=LED-OVS5MXBCR4 New Footprint=GHJTLPS124K5L211150R33
Change Component Footprint: Designator=LED4 Old Footprint=LED-OVS5MXBCR4 New Footprint=GHJTLPS124K5L211150R33
Change Component Comment : Designator=LED4 Old Comment=GH_JTLPS1.24-K5L2-1-1-150-R33 New Comment=GH_JTLPS1.14-MFN8-25-1-150-R33
Change Component Designator: OldDesignator=LED4 NewDesignator=LED3
Added Component: Designator=LED4(GHJTLPS124K5L211150R33)
Add component (AddParameter): Name = "Datasheet Link"; Value = ""; VariantName = "[No Variations]"
Add component (AddParameter): Name = "Height"; Value = "0.8mm"; VariantName = "[No Variations]"
Add component (AddParameter): Name = "Manufacturer_Name"; Value = "OSRAM"; VariantName = "[No Variations]"
Add component (AddParameter): Name = "Manufacturer_Part_Number"; Value = "GH JTLPS1.24-K5L2-1-1-150-R33"; VariantName = "[No Variations]"
Add component (AddParameter): Name = "Mouser2 Part Number"; Value = ""; VariantName = "[No Variations]"
Add component (AddParameter): Name = "Mouser2 Price/Stock"; Value = ""; VariantName = "[No Variations]"
Added Pin To Net: NetName=NetLED1_1 Pin=LED1-1
Added Pin To Net: NetName=NetLED1_1 Pin=LED1-2
Added Pin To Net: NetName=NetLED1_1 Pin=R21-2
Added Net: Name=NetLED1_1
Added Pin To Net: NetName=NetLED1_3 Pin=LED1-3
Added Pin To Net: NetName=NetLED1_3 Pin=LED1-4
Added Pin To Net: NetName=NetLED1_3 Pin=Q2-3
Added Net: Name=NetLED1_3
Added Pin To Net: NetName=NetLED2_1 Pin=LED2-1
Added Pin To Net: NetName=NetLED2_1 Pin=LED2-2
Added Pin To Net: NetName=NetLED2_1 Pin=R22-2
Added Net: Name=NetLED2_1
Added Pin To Net: NetName=NetLED2_3 Pin=LED2-3
Added Pin To Net: NetName=NetLED2_3 Pin=LED2-4
Added Pin To Net: NetName=NetLED2_3 Pin=Q3-3
Added Net: Name=NetLED2_3
Added Pin To Net: NetName=NetLED3_1 Pin=LED3-1
Added Pin To Net: NetName=NetLED3_1 Pin=LED3-2
Added Pin To Net: NetName=NetLED3_1 Pin=R29-2
Added Net: Name=NetLED3_1
Added Pin To Net: NetName=NetLED3_3 Pin=LED3-3
Added Pin To Net: NetName=NetLED3_3 Pin=LED3-4
Added Pin To Net: NetName=NetLED3_3 Pin=Q4-3
Added Net: Name=NetLED3_3
Added Pin To Net: NetName=NetLED4_1 Pin=LED4-1
Added Pin To Net: NetName=NetLED4_1 Pin=LED4-2
Added Pin To Net: NetName=NetLED4_1 Pin=R32-2
Added Net: Name=NetLED4_1
Added Pin To Net: NetName=NetLED4_3 Pin=LED4-3
Added Pin To Net: NetName=NetLED4_3 Pin=LED4-4
Added Pin To Net: NetName=NetLED4_3 Pin=Q5-3
Added Net: Name=NetLED4_3
