Added Component: Designator=LED2(GHJTLPS124K5L211150R33)
Add component (AddParameter): Name = "Datasheet Link"; Value = ""; VariantName = "[No Variations]"
Add component (AddParameter): Name = "Height"; Value = "0.8mm"; VariantName = "[No Variations]"
Add component (AddParameter): Name = "Manufacturer_Name"; Value = "OSRAM"; VariantName = "[No Variations]"
Add component (AddParameter): Name = "Manufacturer_Part_Number"; Value = "GH JTLPS1.24-K5L2-1-1-150-R33"; VariantName = "[No Variations]"
Add component (AddParameter): Name = "Mouser2 Part Number"; Value = ""; VariantName = "[No Variations]"
Add component (AddParameter): Name = "Mouser2 Price/Stock"; Value = ""; VariantName = "[No Variations]"
Added Component: Designator=LED3(GHJTLPS124K5L211150R33)
Add component (AddParameter): Name = "Datasheet Link"; Value = ""; VariantName = "[No Variations]"
Add component (AddParameter): Name = "Height"; Value = "0.8mm"; VariantName = "[No Variations]"
Add component (AddParameter): Name = "Manufacturer_Name"; Value = "OSRAM"; VariantName = "[No Variations]"
Add component (AddParameter): Name = "Manufacturer_Part_Number"; Value = "GH JTLPS1.24-K5L2-1-1-150-R33"; VariantName = "[No Variations]"
Add component (AddParameter): Name = "Mouser2 Part Number"; Value = ""; VariantName = "[No Variations]"
Add component (AddParameter): Name = "Mouser2 Price/Stock"; Value = ""; VariantName = "[No Variations]"
Added Pin To Net: NetName=NetLED1_A Pin=LED1-A
Added Pin To Net: NetName=NetLED1_A Pin=R21-2
Added Net: Name=NetLED1_A
Added Pin To Net: NetName=NetLED1_K Pin=LED1-K
Added Pin To Net: NetName=NetLED1_K Pin=Q2-3
Added Net: Name=NetLED1_K
Added Pin To Net: NetName=NetLED2_A Pin=LED2-A
Added Pin To Net: NetName=NetLED2_A Pin=R22-2
Added Net: Name=NetLED2_A
Added Pin To Net: NetName=NetLED2_K Pin=LED2-K
Added Pin To Net: NetName=NetLED2_K Pin=Q3-3
Added Net: Name=NetLED2_K
Added Pin To Net: NetName=NetLED3_A Pin=LED3-A
Added Pin To Net: NetName=NetLED3_A Pin=R29-2
Added Net: Name=NetLED3_A
Added Pin To Net: NetName=NetLED3_K Pin=LED3-K
Added Pin To Net: NetName=NetLED3_K Pin=Q4-3
Added Net: Name=NetLED3_K
Added Pin To Net: NetName=NetLED4_A Pin=LED4-A
Added Pin To Net: NetName=NetLED4_A Pin=R32-2
Added Net: Name=NetLED4_A
Added Pin To Net: NetName=NetLED4_K Pin=LED4-K
Added Pin To Net: NetName=NetLED4_K Pin=Q5-3
Added Net: Name=NetLED4_K
Added Member To Class: ClassName=CableNodeRevG Member=Component LED2 GH_JTLPS1.14-MFN8-25-1-150-R33
Added Member To Class: ClassName=CableNodeRevG Member=Component LED3 GH_JTLPS1.14-MFN8-25-1-150-R33
